<?xml version="1.0" encoding="UTF-8"?>
<!-- Generated by org.testng.reporters.JUnitReportReporter -->
<testsuite skipped="0" hostname="DESKTOP-95RIOEK" name="com.examples.test" tests="1" failures="0" timestamp="26 Oct 2019 05:07:20 GMT" time="0.020" errors="0">
  <testcase name="test" time="0.020" classname="com.examples.test"/>
</testsuite> <!-- com.examples.test -->
