<?xml version="1.0" encoding="UTF-8"?>
<!-- Generated by org.testng.reporters.JUnitReportReporter -->
<testsuite skipped="0" hostname="DESKTOP-95RIOEK" name="com.examples.test1" tests="3" failures="0" timestamp="26 Oct 2019 05:39:56 GMT" time="0.046" errors="0">
  <testcase name="sub" time="0.042" classname="com.examples.test1"/>
  <testcase name="mul" time="0.003" classname="com.examples.test1"/>
  <testcase name="add" time="0.001" classname="com.examples.test1"/>
</testsuite> <!-- com.examples.test1 -->
